  PathTracer.cpp
c:\users\黄瓜\source\repos\assignment5\assignment5\vec2.h(51): warning C4244: “初始化”: 从“double”转换到“float”，可能丢失数据
c:\users\黄瓜\source\repos\assignment5\assignment5\mathutils.h(25): warning C4244: “初始化”: 从“unsigned __int64”转换到“unsigned int”，可能丢失数据
c:\users\黄瓜\source\repos\assignment5\assignment5\vec4.h(56): warning C4244: “初始化”: 从“double”转换到“float”，可能丢失数据
c:\users\黄瓜\source\repos\assignment5\assignment5\vec3.h(58): warning C4244: “初始化”: 从“double”转换到“float”，可能丢失数据
c:\users\黄瓜\source\repos\assignment5\assignment5\hitable.h(13): warning C4244: “参数”: 从“double”转换到“float”，可能丢失数据
c:\users\黄瓜\source\repos\assignment5\assignment5\hitable_list.h(22): warning C4244: “参数”: 从“double”转换到“const float”，可能丢失数据
c:\users\黄瓜\source\repos\assignment5\assignment5\camera.h(10): warning C4244: “参数”: 从“double”转换到“float”，可能丢失数据
c:\users\黄瓜\source\repos\assignment5\assignment5\camera.h(19): warning C4244: “初始化”: 从“double”转换到“float”，可能丢失数据
c:\users\黄瓜\source\repos\assignment5\assignment5\perlin.h(29): warning C4244: “初始化”: 从“float”转换到“int”，可能丢失数据
c:\users\黄瓜\source\repos\assignment5\assignment5\perlin.h(30): warning C4244: “初始化”: 从“float”转换到“int”，可能丢失数据
c:\users\黄瓜\source\repos\assignment5\assignment5\perlin.h(31): warning C4244: “初始化”: 从“float”转换到“int”，可能丢失数据
c:\users\黄瓜\source\repos\assignment5\assignment5\perlin.h(61): warning C4244: “参数”: 从“double”转换到“float”，可能丢失数据
c:\users\黄瓜\source\repos\assignment5\assignment5\texture.h(67): warning C4244: “初始化”: 从“float”转换到“int”，可能丢失数据
c:\users\黄瓜\source\repos\assignment5\assignment5\texture.h(68): warning C4244: “初始化”: 从“double”转换到“int”，可能丢失数据
c:\users\黄瓜\source\repos\assignment5\assignment5\texture.h(73): warning C4244: “初始化”: 从“double”转换到“float”，可能丢失数据
c:\users\黄瓜\source\repos\assignment5\assignment5\texture.h(74): warning C4244: “初始化”: 从“double”转换到“float”，可能丢失数据
c:\users\黄瓜\source\repos\assignment5\assignment5\texture.h(75): warning C4244: “初始化”: 从“double”转换到“float”，可能丢失数据
c:\users\黄瓜\source\repos\assignment5\assignment5\material.h(14): warning C4244: “参数”: 从“double”转换到“float”，可能丢失数据
c:\users\黄瓜\source\repos\assignment5\assignment5\material.h(26): warning C4244: “初始化”: 从“double”转换到“float”，可能丢失数据
c:\users\黄瓜\source\repos\assignment5\assignment5\material.h(94): warning C4244: “=”: 从“double”转换到“float”，可能丢失数据
c:\users\黄瓜\source\repos\assignment5\assignment5\matrix4.h(554): warning C4244: “初始化”: 从“double”转换到“float”，可能丢失数据
c:\users\黄瓜\source\repos\assignment5\assignment5\quaternion.h(111): warning C4244: “参数”: 从“const double”转换到“float”，可能丢失数据
c:\users\黄瓜\source\repos\assignment5\assignment5\quaternion.h(116): warning C4244: “参数”: 从“const double”转换到“float”，可能丢失数据
c:\users\黄瓜\source\repos\assignment5\assignment5\quaternion.h(121): warning C4244: “初始化”: 从“double”转换到“float”，可能丢失数据
c:\users\黄瓜\source\repos\assignment5\assignment5\quaternion.h(122): warning C4244: “初始化”: 从“double”转换到“float”，可能丢失数据
c:\users\黄瓜\source\repos\assignment5\assignment5\quaternion.h(123): warning C4244: “初始化”: 从“double”转换到“float”，可能丢失数据
c:\users\黄瓜\source\repos\assignment5\assignment5\quaternion.h(129): warning C4244: “参数”: 从“double”转换到“float”，可能丢失数据
c:\users\黄瓜\source\repos\assignment5\assignment5\quaternion.h(128): warning C4244: “参数”: 从“double”转换到“float”，可能丢失数据
c:\users\黄瓜\source\repos\assignment5\assignment5\quaternion.h(127): warning C4244: “参数”: 从“double”转换到“float”，可能丢失数据
c:\users\黄瓜\source\repos\assignment5\assignment5\quaternion.h(137): warning C4244: “参数”: 从“double”转换到“float”，可能丢失数据
c:\users\黄瓜\source\repos\assignment5\assignment5\quaternion.h(136): warning C4244: “参数”: 从“double”转换到“float”，可能丢失数据
c:\users\黄瓜\source\repos\assignment5\assignment5\quaternion.h(135): warning C4244: “参数”: 从“double”转换到“float”，可能丢失数据
c:\users\黄瓜\source\repos\assignment5\assignment5\quaternion.h(150): warning C4244: “return”: 从“double”转换到“float”，可能丢失数据
c:\users\黄瓜\source\repos\assignment5\assignment5\quaternion.h(159): warning C4244: “参数”: 从“double”转换到“float”，可能丢失数据
c:\users\黄瓜\source\repos\assignment5\assignment5\quaternion.h(158): warning C4244: “参数”: 从“double”转换到“float”，可能丢失数据
c:\users\黄瓜\source\repos\assignment5\assignment5\quaternion.h(157): warning C4244: “参数”: 从“double”转换到“float”，可能丢失数据
c:\users\黄瓜\source\repos\assignment5\assignment5\quaternion.h(156): warning C4244: “参数”: 从“double”转换到“float”，可能丢失数据
c:\users\黄瓜\source\repos\assignment5\assignment5\quaternion.h(199): warning C4244: “参数”: 从“double”转换到“float”，可能丢失数据
c:\users\黄瓜\source\repos\assignment5\assignment5\quaternion.h(198): warning C4244: “参数”: 从“double”转换到“float”，可能丢失数据
c:\users\黄瓜\source\repos\assignment5\assignment5\quaternion.h(197): warning C4244: “参数”: 从“double”转换到“float”，可能丢失数据
c:\users\黄瓜\source\repos\assignment5\assignment5\quaternion.h(196): warning C4244: “参数”: 从“double”转换到“float”，可能丢失数据
c:\users\黄瓜\source\repos\assignment5\assignment5\quaternion.h(207): warning C4244: “return”: 从“double”转换到“float”，可能丢失数据
c:\users\黄瓜\source\repos\assignment5\assignment5\quaternion.h(227): warning C4244: “初始化”: 从“const double”转换到“float”，可能丢失数据
c:\users\黄瓜\source\repos\assignment5\assignment5\quaternion.h(228): warning C4244: “初始化”: 从“const double”转换到“float”，可能丢失数据
c:\users\黄瓜\source\repos\assignment5\assignment5\quaternion.h(229): warning C4244: “参数”: 从“const double”转换到“float”，可能丢失数据
c:\users\黄瓜\source\repos\assignment5\assignment5\quaternion.h(230): warning C4244: “参数”: 从“const double”转换到“float”，可能丢失数据
c:\users\黄瓜\source\repos\assignment5\assignment5\quaternion.h(239): warning C4244: “参数”: 从“const double”转换到“float”，可能丢失数据
c:\users\黄瓜\source\repos\assignment5\assignment5\quaternion.h(241): warning C4244: “初始化”: 从“const double”转换到“float”，可能丢失数据
c:\users\黄瓜\source\repos\assignment5\assignment5\mesh_hitable.h(38): warning C4018: “<”: 有符号/无符号不匹配
c:\users\黄瓜\source\repos\assignment5\assignment5\mesh_hitable.h(106): warning C4018: “<”: 有符号/无符号不匹配
c:\users\黄瓜\source\repos\assignment5\assignment5\mesh_hitable.h(142): warning C4018: “<”: 有符号/无符号不匹配
c:\users\黄瓜\source\repos\assignment5\assignment5\mesh_hitable.h(105): warning C4101: “p0”: 未引用的局部变量
c:\users\黄瓜\source\repos\assignment5\assignment5\mesh_hitable.h(105): warning C4101: “p1”: 未引用的局部变量
c:\users\黄瓜\source\repos\assignment5\assignment5\mesh_hitable.h(105): warning C4101: “p2”: 未引用的局部变量
c:\users\黄瓜\source\repos\assignment5\assignment5\pathtracer.cpp(18): fatal error C1083: 无法打开包括文件: “tbb/parallel_for.h”: No such file or directory
