  PathTracer.cpp
c:\users\黄瓜\source\repos\assignment5\assignment5\vec2.h(51): warning C4244: “初始化”: 从“double”转换到“float”，可能丢失数据
c:\users\黄瓜\source\repos\assignment5\assignment5\mathutils.h(25): warning C4244: “初始化”: 从“unsigned __int64”转换到“unsigned int”，可能丢失数据
c:\users\黄瓜\source\repos\assignment5\assignment5\vec4.h(56): warning C4244: “初始化”: 从“double”转换到“float”，可能丢失数据
c:\users\黄瓜\source\repos\assignment5\assignment5\vec3.h(58): warning C4244: “初始化”: 从“double”转换到“float”，可能丢失数据
c:\users\黄瓜\source\repos\assignment5\assignment5\hitable.h(13): warning C4244: “参数”: 从“double”转换到“float”，可能丢失数据
c:\users\黄瓜\source\repos\assignment5\assignment5\hitable_list.h(22): warning C4244: “参数”: 从“double”转换到“const float”，可能丢失数据
c:\users\黄瓜\source\repos\assignment5\assignment5\camera.h(10): warning C4244: “参数”: 从“double”转换到“float”，可能丢失数据
c:\users\黄瓜\source\repos\assignment5\assignment5\camera.h(19): warning C4244: “初始化”: 从“double”转换到“float”，可能丢失数据
c:\users\黄瓜\source\repos\assignment5\assignment5\perlin.h(29): warning C4244: “初始化”: 从“float”转换到“int”，可能丢失数据
c:\users\黄瓜\source\repos\assignment5\assignment5\perlin.h(30): warning C4244: “初始化”: 从“float”转换到“int”，可能丢失数据
c:\users\黄瓜\source\repos\assignment5\assignment5\perlin.h(31): warning C4244: “初始化”: 从“float”转换到“int”，可能丢失数据
c:\users\黄瓜\source\repos\assignment5\assignment5\perlin.h(61): warning C4244: “参数”: 从“double”转换到“float”，可能丢失数据
c:\users\黄瓜\source\repos\assignment5\assignment5\texture.h(67): warning C4244: “初始化”: 从“float”转换到“int”，可能丢失数据
c:\users\黄瓜\source\repos\assignment5\assignment5\texture.h(68): warning C4244: “初始化”: 从“double”转换到“int”，可能丢失数据
c:\users\黄瓜\source\repos\assignment5\assignment5\texture.h(73): warning C4244: “初始化”: 从“double”转换到“float”，可能丢失数据
c:\users\黄瓜\source\repos\assignment5\assignment5\texture.h(74): warning C4244: “初始化”: 从“double”转换到“float”，可能丢失数据
c:\users\黄瓜\source\repos\assignment5\assignment5\texture.h(75): warning C4244: “初始化”: 从“double”转换到“float”，可能丢失数据
c:\users\黄瓜\source\repos\assignment5\assignment5\material.h(14): warning C4244: “参数”: 从“double”转换到“float”，可能丢失数据
c:\users\黄瓜\source\repos\assignment5\assignment5\material.h(26): warning C4244: “初始化”: 从“double”转换到“float”，可能丢失数据
c:\users\黄瓜\source\repos\assignment5\assignment5\material.h(94): warning C4244: “=”: 从“double”转换到“float”，可能丢失数据
c:\users\黄瓜\source\repos\assignment5\assignment5\matrix4.h(554): warning C4244: “初始化”: 从“double”转换到“float”，可能丢失数据
c:\users\黄瓜\source\repos\assignment5\assignment5\quaternion.h(111): warning C4244: “参数”: 从“const double”转换到“float”，可能丢失数据
c:\users\黄瓜\source\repos\assignment5\assignment5\quaternion.h(116): warning C4244: “参数”: 从“const double”转换到“float”，可能丢失数据
c:\users\黄瓜\source\repos\assignment5\assignment5\quaternion.h(121): warning C4244: “初始化”: 从“double”转换到“float”，可能丢失数据
c:\users\黄瓜\source\repos\assignment5\assignment5\quaternion.h(122): warning C4244: “初始化”: 从“double”转换到“float”，可能丢失数据
c:\users\黄瓜\source\repos\assignment5\assignment5\quaternion.h(123): warning C4244: “初始化”: 从“double”转换到“float”，可能丢失数据
c:\users\黄瓜\source\repos\assignment5\assignment5\quaternion.h(129): warning C4244: “参数”: 从“double”转换到“float”，可能丢失数据
c:\users\黄瓜\source\repos\assignment5\assignment5\quaternion.h(128): warning C4244: “参数”: 从“double”转换到“float”，可能丢失数据
c:\users\黄瓜\source\repos\assignment5\assignment5\quaternion.h(127): warning C4244: “参数”: 从“double”转换到“float”，可能丢失数据
c:\users\黄瓜\source\repos\assignment5\assignment5\quaternion.h(137): warning C4244: “参数”: 从“double”转换到“float”，可能丢失数据
c:\users\黄瓜\source\repos\assignment5\assignment5\quaternion.h(136): warning C4244: “参数”: 从“double”转换到“float”，可能丢失数据
c:\users\黄瓜\source\repos\assignment5\assignment5\quaternion.h(135): warning C4244: “参数”: 从“double”转换到“float”，可能丢失数据
c:\users\黄瓜\source\repos\assignment5\assignment5\quaternion.h(150): warning C4244: “return”: 从“double”转换到“float”，可能丢失数据
c:\users\黄瓜\source\repos\assignment5\assignment5\quaternion.h(159): warning C4244: “参数”: 从“double”转换到“float”，可能丢失数据
c:\users\黄瓜\source\repos\assignment5\assignment5\quaternion.h(158): warning C4244: “参数”: 从“double”转换到“float”，可能丢失数据
c:\users\黄瓜\source\repos\assignment5\assignment5\quaternion.h(157): warning C4244: “参数”: 从“double”转换到“float”，可能丢失数据
c:\users\黄瓜\source\repos\assignment5\assignment5\quaternion.h(156): warning C4244: “参数”: 从“double”转换到“float”，可能丢失数据
c:\users\黄瓜\source\repos\assignment5\assignment5\quaternion.h(199): warning C4244: “参数”: 从“double”转换到“float”，可能丢失数据
c:\users\黄瓜\source\repos\assignment5\assignment5\quaternion.h(198): warning C4244: “参数”: 从“double”转换到“float”，可能丢失数据
c:\users\黄瓜\source\repos\assignment5\assignment5\quaternion.h(197): warning C4244: “参数”: 从“double”转换到“float”，可能丢失数据
c:\users\黄瓜\source\repos\assignment5\assignment5\quaternion.h(196): warning C4244: “参数”: 从“double”转换到“float”，可能丢失数据
c:\users\黄瓜\source\repos\assignment5\assignment5\quaternion.h(207): warning C4244: “return”: 从“double”转换到“float”，可能丢失数据
c:\users\黄瓜\source\repos\assignment5\assignment5\quaternion.h(227): warning C4244: “初始化”: 从“const double”转换到“float”，可能丢失数据
c:\users\黄瓜\source\repos\assignment5\assignment5\quaternion.h(228): warning C4244: “初始化”: 从“const double”转换到“float”，可能丢失数据
c:\users\黄瓜\source\repos\assignment5\assignment5\quaternion.h(229): warning C4244: “参数”: 从“const double”转换到“float”，可能丢失数据
c:\users\黄瓜\source\repos\assignment5\assignment5\quaternion.h(230): warning C4244: “参数”: 从“const double”转换到“float”，可能丢失数据
c:\users\黄瓜\source\repos\assignment5\assignment5\quaternion.h(239): warning C4244: “参数”: 从“const double”转换到“float”，可能丢失数据
c:\users\黄瓜\source\repos\assignment5\assignment5\quaternion.h(241): warning C4244: “初始化”: 从“const double”转换到“float”，可能丢失数据
c:\users\黄瓜\source\repos\assignment5\assignment5\mesh_hitable.h(105): warning C4101: “p0”: 未引用的局部变量
c:\users\黄瓜\source\repos\assignment5\assignment5\mesh_hitable.h(105): warning C4101: “p1”: 未引用的局部变量
c:\users\黄瓜\source\repos\assignment5\assignment5\mesh_hitable.h(105): warning C4101: “p2”: 未引用的局部变量
c:\users\黄瓜\source\repos\assignment5\assignment5\model_hitable.h(103): warning C4267: “参数”: 从“size_t”转换到“_Ty”，可能丢失数据
          with
          [
              _Ty=unsigned int
          ]
c:\users\黄瓜\source\repos\assignment5\assignment5\stb_image.h(927): warning C4312: “类型强制转换”: 从“int”转换到更大的“unsigned char *”
c:\users\黄瓜\source\repos\assignment5\assignment5\stb_image.h(996): warning C4312: “类型强制转换”: 从“int”转换到更大的“unsigned char *”
c:\users\黄瓜\source\repos\assignment5\assignment5\stb_image.h(1045): warning C4312: “类型强制转换”: 从“int”转换到更大的“float *”
c:\users\黄瓜\source\repos\assignment5\assignment5\stb_image.h(1067): warning C4312: “类型强制转换”: 从“int”转换到更大的“float *”
c:\users\黄瓜\source\repos\assignment5\assignment5\stb_image.h(1295): warning C4312: “类型强制转换”: 从“int”转换到更大的“unsigned char *”
c:\users\黄瓜\source\repos\assignment5\assignment5\stb_image.h(1333): warning C4312: “类型强制转换”: 从“int”转换到更大的“float *”
c:\users\黄瓜\source\repos\assignment5\assignment5\stb_image.h(1353): warning C4312: “类型强制转换”: 从“int”转换到更大的“unsigned char *”
c:\users\黄瓜\source\repos\assignment5\assignment5\stb_image.h(3282): warning C4312: “类型强制转换”: 从“int”转换到更大的“unsigned char *”
c:\users\黄瓜\source\repos\assignment5\assignment5\stb_image.h(3310): warning C4312: “类型强制转换”: 从“int”转换到更大的“unsigned char *”
c:\users\黄瓜\source\repos\assignment5\assignment5\stb_image.h(3328): warning C4312: “类型强制转换”: 从“int”转换到更大的“unsigned char *”
c:\users\黄瓜\source\repos\assignment5\assignment5\stb_image.h(4467): warning C4312: “类型强制转换”: 从“int”转换到更大的“unsigned char *”
c:\users\黄瓜\source\repos\assignment5\assignment5\stb_image.h(4595): warning C4312: “类型强制转换”: 从“int”转换到更大的“unsigned char *”
c:\users\黄瓜\source\repos\assignment5\assignment5\stb_image.h(4601): warning C4312: “类型强制转换”: 从“int”转换到更大的“unsigned char *”
c:\users\黄瓜\source\repos\assignment5\assignment5\stb_image.h(4610): warning C4312: “类型强制转换”: 从“int”转换到更大的“unsigned char *”
c:\users\黄瓜\source\repos\assignment5\assignment5\stb_image.h(4612): warning C4312: “类型强制转换”: 从“int”转换到更大的“unsigned char *”
c:\users\黄瓜\source\repos\assignment5\assignment5\stb_image.h(4621): warning C4312: “类型强制转换”: 从“int”转换到更大的“unsigned char *”
c:\users\黄瓜\source\repos\assignment5\assignment5\stb_image.h(4658): warning C4312: “类型强制转换”: 从“int”转换到更大的“unsigned char *”
c:\users\黄瓜\source\repos\assignment5\assignment5\stb_image.h(4662): warning C4312: “类型强制转换”: 从“int”转换到更大的“unsigned char *”
c:\users\黄瓜\source\repos\assignment5\assignment5\stb_image.h(4690): warning C4312: “类型强制转换”: 从“int”转换到更大的“unsigned char *”
c:\users\黄瓜\source\repos\assignment5\assignment5\stb_image.h(4693): warning C4312: “类型强制转换”: 从“int”转换到更大的“unsigned char *”
c:\users\黄瓜\source\repos\assignment5\assignment5\stb_image.h(4704): warning C4312: “类型强制转换”: 从“int”转换到更大的“unsigned char *”
c:\users\黄瓜\source\repos\assignment5\assignment5\stb_image.h(4744): warning C4312: “类型强制转换”: 从“int”转换到更大的“unsigned char *”
c:\users\黄瓜\source\repos\assignment5\assignment5\stb_image.h(4923): warning C4312: “类型强制转换”: 从“int”转换到更大的“unsigned char *”
c:\users\黄瓜\source\repos\assignment5\assignment5\stb_image.h(4945): warning C4312: “类型强制转换”: 从“int”转换到更大的“unsigned char *”
c:\users\黄瓜\source\repos\assignment5\assignment5\stb_image.h(4950): warning C4312: “类型强制转换”: 从“int”转换到更大的“unsigned char *”
c:\users\黄瓜\source\repos\assignment5\assignment5\stb_image.h(5085): warning C4312: “类型强制转换”: 从“int”转换到更大的“unsigned char *”
c:\users\黄瓜\source\repos\assignment5\assignment5\stb_image.h(5089): warning C4312: “类型强制转换”: 从“int”转换到更大的“unsigned char *”
c:\users\黄瓜\source\repos\assignment5\assignment5\stb_image.h(5097): warning C4312: “类型强制转换”: 从“int”转换到更大的“unsigned char *”
c:\users\黄瓜\source\repos\assignment5\assignment5\stb_image.h(5105): warning C4312: “类型强制转换”: 从“int”转换到更大的“unsigned char *”
c:\users\黄瓜\source\repos\assignment5\assignment5\stb_image.h(5118): warning C4312: “类型强制转换”: 从“int”转换到更大的“unsigned char *”
c:\users\黄瓜\source\repos\assignment5\assignment5\stb_image.h(5135): warning C4312: “类型强制转换”: 从“int”转换到更大的“unsigned char *”
c:\users\黄瓜\source\repos\assignment5\assignment5\stb_image.h(5139): warning C4312: “类型强制转换”: 从“int”转换到更大的“unsigned char *”
c:\users\黄瓜\source\repos\assignment5\assignment5\stb_image.h(5286): warning C4312: “类型强制转换”: 从“int”转换到更大的“unsigned char *”
c:\users\黄瓜\source\repos\assignment5\assignment5\stb_image.h(5314): warning C4312: “类型强制转换”: 从“int”转换到更大的“unsigned char *”
c:\users\黄瓜\source\repos\assignment5\assignment5\stb_image.h(5325): warning C4312: “类型强制转换”: 从“int”转换到更大的“unsigned char *”
c:\users\黄瓜\source\repos\assignment5\assignment5\stb_image.h(5326): warning C4312: “类型强制转换”: 从“int”转换到更大的“unsigned char *”
c:\users\黄瓜\source\repos\assignment5\assignment5\stb_image.h(5340): warning C4312: “类型强制转换”: 从“int”转换到更大的“unsigned char *”
c:\users\黄瓜\source\repos\assignment5\assignment5\stb_image.h(5359): warning C4312: “类型强制转换”: 从“int”转换到更大的“unsigned char *”
c:\users\黄瓜\source\repos\assignment5\assignment5\stb_image.h(5377): warning C4312: “类型强制转换”: 从“int”转换到更大的“unsigned char *”
c:\users\黄瓜\source\repos\assignment5\assignment5\stb_image.h(5388): warning C4312: “类型强制转换”: 从“int”转换到更大的“unsigned char *”
c:\users\黄瓜\source\repos\assignment5\assignment5\stb_image.h(5398): warning C4312: “类型强制转换”: 从“int”转换到更大的“unsigned char *”
c:\users\黄瓜\source\repos\assignment5\assignment5\stb_image.h(5425): warning C4312: “类型强制转换”: 从“int”转换到更大的“unsigned char *”
c:\users\黄瓜\source\repos\assignment5\assignment5\stb_image.h(5426): warning C4312: “类型强制转换”: 从“int”转换到更大的“unsigned char *”
c:\users\黄瓜\source\repos\assignment5\assignment5\stb_image.h(5643): warning C4312: “类型强制转换”: 从“int”转换到更大的“unsigned char *”
c:\users\黄瓜\source\repos\assignment5\assignment5\stb_image.h(5647): warning C4312: “类型强制转换”: 从“int”转换到更大的“unsigned char *”
c:\users\黄瓜\source\repos\assignment5\assignment5\stb_image.h(5653): warning C4312: “类型强制转换”: 从“int”转换到更大的“unsigned char *”
c:\users\黄瓜\source\repos\assignment5\assignment5\stb_image.h(5665): warning C4312: “类型强制转换”: 从“int”转换到更大的“unsigned char *”
c:\users\黄瓜\source\repos\assignment5\assignment5\stb_image.h(5694): warning C4312: “类型强制转换”: 从“int”转换到更大的“unsigned char *”
c:\users\黄瓜\source\repos\assignment5\assignment5\stb_image.h(5702): warning C4312: “类型强制转换”: 从“int”转换到更大的“unsigned char *”
c:\users\黄瓜\source\repos\assignment5\assignment5\stb_image.h(5719): warning C4312: “类型强制转换”: 从“int”转换到更大的“unsigned char *”
c:\users\黄瓜\source\repos\assignment5\assignment5\stb_image.h(5752): warning C4312: “类型强制转换”: 从“int”转换到更大的“unsigned char *”
c:\users\黄瓜\source\repos\assignment5\assignment5\stb_image.h(5786): warning C4312: “类型强制转换”: 从“int”转换到更大的“unsigned char *”
c:\users\黄瓜\source\repos\assignment5\assignment5\stb_image.h(5900): warning C4312: “类型强制转换”: 从“int”转换到更大的“float *”
c:\users\黄瓜\source\repos\assignment5\assignment5\stb_image.h(5909): warning C4312: “类型强制转换”: 从“int”转换到更大的“float *”
c:\users\黄瓜\source\repos\assignment5\assignment5\stb_image.h(5914): warning C4312: “类型强制转换”: 从“int”转换到更大的“float *”
c:\users\黄瓜\source\repos\assignment5\assignment5\stb_image.h(5918): warning C4312: “类型强制转换”: 从“int”转换到更大的“float *”
c:\users\黄瓜\source\repos\assignment5\assignment5\stb_image.h(5968): warning C4312: “类型强制转换”: 从“int”转换到更大的“float *”
c:\users\黄瓜\source\repos\assignment5\assignment5\stb_image.h(6185): warning C4312: “类型强制转换”: 从“int”转换到更大的“unsigned char *”
c:\users\黄瓜\source\repos\assignment5\assignment5\pathtracer.cpp(41): warning C4305: “参数”: 从“double”到“float”截断
c:\users\黄瓜\source\repos\assignment5\assignment5\pathtracer.cpp(55): warning C4305: “参数”: 从“double”到“float”截断
c:\users\黄瓜\source\repos\assignment5\assignment5\pathtracer.cpp(63): warning C4305: “参数”: 从“double”到“float”截断
c:\users\黄瓜\source\repos\assignment5\assignment5\pathtracer.cpp(64): warning C4305: “参数”: 从“double”到“float”截断
c:\users\黄瓜\source\repos\assignment5\assignment5\pathtracer.cpp(70): warning C4244: “初始化”: 从“double”转换到“float”，可能丢失数据
c:\users\黄瓜\source\repos\assignment5\assignment5\pathtracer.cpp(71): warning C4244: “参数”: 从“double”转换到“float”，可能丢失数据
c:\users\黄瓜\source\repos\assignment5\assignment5\pathtracer.cpp(71): warning C4305: “参数”: 从“double”到“float”截断
c:\users\黄瓜\source\repos\assignment5\assignment5\pathtracer.cpp(72): warning C4305: “参数”: 从“double”到“float”截断
c:\users\黄瓜\source\repos\assignment5\assignment5\pathtracer.cpp(74): warning C4244: “参数”: 从“double”转换到“float”，可能丢失数据
c:\users\黄瓜\source\repos\assignment5\assignment5\pathtracer.cpp(74): warning C4305: “参数”: 从“double”到“float”截断
c:\users\黄瓜\source\repos\assignment5\assignment5\pathtracer.cpp(77): warning C4244: “参数”: 从“double”转换到“float”，可能丢失数据
c:\users\黄瓜\source\repos\assignment5\assignment5\pathtracer.cpp(77): warning C4305: “参数”: 从“double”到“float”截断
c:\users\黄瓜\source\repos\assignment5\assignment5\pathtracer.cpp(80): warning C4305: “参数”: 从“double”到“float”截断
c:\users\黄瓜\source\repos\assignment5\assignment5\pathtracer.cpp(87): warning C4305: “参数”: 从“double”到“float”截断
c:\users\黄瓜\source\repos\assignment5\assignment5\pathtracer.cpp(88): warning C4305: “参数”: 从“double”到“float”截断
c:\users\黄瓜\source\repos\assignment5\assignment5\pathtracer.cpp(96): warning C4305: “参数”: 从“double”到“const float”截断
c:\users\黄瓜\source\repos\assignment5\assignment5\pathtracer.cpp(108): warning C4244: “初始化”: 从“double”转换到“float”，可能丢失数据
c:\users\黄瓜\source\repos\assignment5\assignment5\pathtracer.cpp(109): warning C4244: “参数”: 从“double”转换到“float”，可能丢失数据
c:\users\黄瓜\source\repos\assignment5\assignment5\pathtracer.cpp(109): warning C4305: “参数”: 从“double”到“float”截断
c:\users\黄瓜\source\repos\assignment5\assignment5\pathtracer.cpp(174): warning C4267: “参数”: 从“size_t”转换到“unsigned int”，可能丢失数据
c:\users\黄瓜\source\repos\assignment5\assignment5\pathtracer.cpp(190): warning C4018: “>=”: 有符号/无符号不匹配
  Assignment5.vcxproj -> C:\Users\黄瓜\source\repos\Assignment5\x64\Debug\Assignment5.exe
