C:\Program Files (x86)\Microsoft Visual Studio\2017\Community\Common7\IDE\VC\VCTargets\Microsoft.CppBuild.targets(391,5): warning MSB8028: 中间目录(x64\Release\)包含从另一个项目(Assignment5.vcxproj)共享的文件。   这会导致错误的清除和重新生成行为。
  main.cpp
c:\users\黄瓜\source\repos\assignment5 - 副本\assignment5\code\vec2.h(51): warning C4244: “初始化”: 从“double”转换到“float”，可能丢失数据
c:\users\黄瓜\source\repos\assignment5 - 副本\assignment5\code\mathutils.h(25): warning C4244: “初始化”: 从“unsigned __int64”转换到“unsigned int”，可能丢失数据
c:\users\黄瓜\source\repos\assignment5 - 副本\assignment5\code\vec3.h(57): warning C4244: “初始化”: 从“double”转换到“float”，可能丢失数据
  PathTracer.cpp
c:\users\黄瓜\source\repos\assignment5 - 副本\assignment5\code\vec2.h(51): warning C4244: “初始化”: 从“double”转换到“float”，可能丢失数据
c:\users\黄瓜\source\repos\assignment5 - 副本\assignment5\code\mathutils.h(25): warning C4244: “初始化”: 从“unsigned __int64”转换到“unsigned int”，可能丢失数据
c:\users\黄瓜\source\repos\assignment5 - 副本\assignment5\code\vec3.h(57): warning C4244: “初始化”: 从“double”转换到“float”，可能丢失数据
c:\users\黄瓜\source\repos\assignment5 - 副本\assignment5\code\hitable.h(13): warning C4244: “参数”: 从“double”转换到“float”，可能丢失数据
c:\users\黄瓜\source\repos\assignment5 - 副本\assignment5\code\hitable_list.h(22): warning C4244: “参数”: 从“double”转换到“const float”，可能丢失数据
c:\users\黄瓜\source\repos\assignment5 - 副本\assignment5\code\camera.h(10): warning C4244: “参数”: 从“double”转换到“float”，可能丢失数据
c:\users\黄瓜\source\repos\assignment5 - 副本\assignment5\code\camera.h(19): warning C4244: “初始化”: 从“double”转换到“float”，可能丢失数据
c:\users\黄瓜\source\repos\assignment5 - 副本\assignment5\code\perlin.h(29): warning C4244: “初始化”: 从“float”转换到“int”，可能丢失数据
c:\users\黄瓜\source\repos\assignment5 - 副本\assignment5\code\perlin.h(30): warning C4244: “初始化”: 从“float”转换到“int”，可能丢失数据
c:\users\黄瓜\source\repos\assignment5 - 副本\assignment5\code\perlin.h(31): warning C4244: “初始化”: 从“float”转换到“int”，可能丢失数据
c:\users\黄瓜\source\repos\assignment5 - 副本\assignment5\code\perlin.h(61): warning C4244: “参数”: 从“double”转换到“float”，可能丢失数据
c:\users\黄瓜\source\repos\assignment5 - 副本\assignment5\code\texture.h(67): warning C4244: “初始化”: 从“float”转换到“int”，可能丢失数据
c:\users\黄瓜\source\repos\assignment5 - 副本\assignment5\code\texture.h(68): warning C4244: “初始化”: 从“double”转换到“int”，可能丢失数据
c:\users\黄瓜\source\repos\assignment5 - 副本\assignment5\code\texture.h(73): warning C4244: “初始化”: 从“double”转换到“float”，可能丢失数据
c:\users\黄瓜\source\repos\assignment5 - 副本\assignment5\code\texture.h(74): warning C4244: “初始化”: 从“double”转换到“float”，可能丢失数据
c:\users\黄瓜\source\repos\assignment5 - 副本\assignment5\code\texture.h(75): warning C4244: “初始化”: 从“double”转换到“float”，可能丢失数据
c:\users\黄瓜\source\repos\assignment5 - 副本\assignment5\code\material.h(14): warning C4244: “参数”: 从“double”转换到“float”，可能丢失数据
c:\users\黄瓜\source\repos\assignment5 - 副本\assignment5\code\material.h(26): warning C4244: “初始化”: 从“double”转换到“float”，可能丢失数据
c:\users\黄瓜\source\repos\assignment5 - 副本\assignment5\code\material.h(94): warning C4244: “=”: 从“double”转换到“float”，可能丢失数据
c:\users\黄瓜\source\repos\assignment5 - 副本\assignment5\code\vec4.h(55): warning C4244: “初始化”: 从“double”转换到“float”，可能丢失数据
c:\users\黄瓜\source\repos\assignment5 - 副本\assignment5\code\matrix4.h(554): warning C4244: “初始化”: 从“double”转换到“float”，可能丢失数据
c:\users\黄瓜\source\repos\assignment5 - 副本\assignment5\code\quaternion.h(111): warning C4244: “参数”: 从“const double”转换到“float”，可能丢失数据
c:\users\黄瓜\source\repos\assignment5 - 副本\assignment5\code\quaternion.h(116): warning C4244: “参数”: 从“const double”转换到“float”，可能丢失数据
c:\users\黄瓜\source\repos\assignment5 - 副本\assignment5\code\quaternion.h(121): warning C4244: “初始化”: 从“double”转换到“float”，可能丢失数据
c:\users\黄瓜\source\repos\assignment5 - 副本\assignment5\code\quaternion.h(122): warning C4244: “初始化”: 从“double”转换到“float”，可能丢失数据
c:\users\黄瓜\source\repos\assignment5 - 副本\assignment5\code\quaternion.h(123): warning C4244: “初始化”: 从“double”转换到“float”，可能丢失数据
c:\users\黄瓜\source\repos\assignment5 - 副本\assignment5\code\quaternion.h(129): warning C4244: “参数”: 从“double”转换到“float”，可能丢失数据
c:\users\黄瓜\source\repos\assignment5 - 副本\assignment5\code\quaternion.h(128): warning C4244: “参数”: 从“double”转换到“float”，可能丢失数据
c:\users\黄瓜\source\repos\assignment5 - 副本\assignment5\code\quaternion.h(127): warning C4244: “参数”: 从“double”转换到“float”，可能丢失数据
c:\users\黄瓜\source\repos\assignment5 - 副本\assignment5\code\quaternion.h(137): warning C4244: “参数”: 从“double”转换到“float”，可能丢失数据
c:\users\黄瓜\source\repos\assignment5 - 副本\assignment5\code\quaternion.h(136): warning C4244: “参数”: 从“double”转换到“float”，可能丢失数据
c:\users\黄瓜\source\repos\assignment5 - 副本\assignment5\code\quaternion.h(135): warning C4244: “参数”: 从“double”转换到“float”，可能丢失数据
c:\users\黄瓜\source\repos\assignment5 - 副本\assignment5\code\quaternion.h(150): warning C4244: “return”: 从“double”转换到“float”，可能丢失数据
c:\users\黄瓜\source\repos\assignment5 - 副本\assignment5\code\quaternion.h(159): warning C4244: “参数”: 从“double”转换到“float”，可能丢失数据
c:\users\黄瓜\source\repos\assignment5 - 副本\assignment5\code\quaternion.h(158): warning C4244: “参数”: 从“double”转换到“float”，可能丢失数据
c:\users\黄瓜\source\repos\assignment5 - 副本\assignment5\code\quaternion.h(157): warning C4244: “参数”: 从“double”转换到“float”，可能丢失数据
c:\users\黄瓜\source\repos\assignment5 - 副本\assignment5\code\quaternion.h(156): warning C4244: “参数”: 从“double”转换到“float”，可能丢失数据
c:\users\黄瓜\source\repos\assignment5 - 副本\assignment5\code\quaternion.h(199): warning C4244: “参数”: 从“double”转换到“float”，可能丢失数据
c:\users\黄瓜\source\repos\assignment5 - 副本\assignment5\code\quaternion.h(198): warning C4244: “参数”: 从“double”转换到“float”，可能丢失数据
c:\users\黄瓜\source\repos\assignment5 - 副本\assignment5\code\quaternion.h(197): warning C4244: “参数”: 从“double”转换到“float”，可能丢失数据
c:\users\黄瓜\source\repos\assignment5 - 副本\assignment5\code\quaternion.h(196): warning C4244: “参数”: 从“double”转换到“float”，可能丢失数据
c:\users\黄瓜\source\repos\assignment5 - 副本\assignment5\code\quaternion.h(207): warning C4244: “return”: 从“double”转换到“float”，可能丢失数据
c:\users\黄瓜\source\repos\assignment5 - 副本\assignment5\code\quaternion.h(227): warning C4244: “初始化”: 从“const double”转换到“float”，可能丢失数据
c:\users\黄瓜\source\repos\assignment5 - 副本\assignment5\code\quaternion.h(228): warning C4244: “初始化”: 从“const double”转换到“float”，可能丢失数据
c:\users\黄瓜\source\repos\assignment5 - 副本\assignment5\code\quaternion.h(229): warning C4244: “参数”: 从“const double”转换到“float”，可能丢失数据
c:\users\黄瓜\source\repos\assignment5 - 副本\assignment5\code\quaternion.h(230): warning C4244: “参数”: 从“const double”转换到“float”，可能丢失数据
c:\users\黄瓜\source\repos\assignment5 - 副本\assignment5\code\quaternion.h(239): warning C4244: “参数”: 从“const double”转换到“float”，可能丢失数据
c:\users\黄瓜\source\repos\assignment5 - 副本\assignment5\code\quaternion.h(241): warning C4244: “初始化”: 从“const double”转换到“float”，可能丢失数据
c:\users\黄瓜\source\repos\assignment5 - 副本\assignment5\code\model.h(181): warning C4267: “参数”: 从“size_t”转换到“_Ty”，可能丢失数据
          with
          [
              _Ty=unsigned int
          ]
c:\users\黄瓜\source\repos\assignment5 - 副本\assignment5\code\model.h(210): warning C4101: “p0”: 未引用的局部变量
c:\users\黄瓜\source\repos\assignment5 - 副本\assignment5\code\model.h(210): warning C4101: “p1”: 未引用的局部变量
c:\users\黄瓜\source\repos\assignment5 - 副本\assignment5\code\model.h(210): warning C4101: “p2”: 未引用的局部变量
c:\users\黄瓜\source\repos\assignment5 - 副本\assignment5\code\stb_image.h(927): warning C4312: “类型强制转换”: 从“int”转换到更大的“unsigned char *”
c:\users\黄瓜\source\repos\assignment5 - 副本\assignment5\code\stb_image.h(996): warning C4312: “类型强制转换”: 从“int”转换到更大的“unsigned char *”
c:\users\黄瓜\source\repos\assignment5 - 副本\assignment5\code\stb_image.h(1045): warning C4312: “类型强制转换”: 从“int”转换到更大的“float *”
c:\users\黄瓜\source\repos\assignment5 - 副本\assignment5\code\stb_image.h(1067): warning C4312: “类型强制转换”: 从“int”转换到更大的“float *”
c:\users\黄瓜\source\repos\assignment5 - 副本\assignment5\code\stb_image.h(1295): warning C4312: “类型强制转换”: 从“int”转换到更大的“unsigned char *”
c:\users\黄瓜\source\repos\assignment5 - 副本\assignment5\code\stb_image.h(1333): warning C4312: “类型强制转换”: 从“int”转换到更大的“float *”
c:\users\黄瓜\source\repos\assignment5 - 副本\assignment5\code\stb_image.h(1353): warning C4312: “类型强制转换”: 从“int”转换到更大的“unsigned char *”
c:\users\黄瓜\source\repos\assignment5 - 副本\assignment5\code\stb_image.h(3282): warning C4312: “类型强制转换”: 从“int”转换到更大的“unsigned char *”
c:\users\黄瓜\source\repos\assignment5 - 副本\assignment5\code\stb_image.h(3310): warning C4312: “类型强制转换”: 从“int”转换到更大的“unsigned char *”
c:\users\黄瓜\source\repos\assignment5 - 副本\assignment5\code\stb_image.h(3328): warning C4312: “类型强制转换”: 从“int”转换到更大的“unsigned char *”
c:\users\黄瓜\source\repos\assignment5 - 副本\assignment5\code\stb_image.h(4467): warning C4312: “类型强制转换”: 从“int”转换到更大的“unsigned char *”
c:\users\黄瓜\source\repos\assignment5 - 副本\assignment5\code\stb_image.h(4595): warning C4312: “类型强制转换”: 从“int”转换到更大的“unsigned char *”
c:\users\黄瓜\source\repos\assignment5 - 副本\assignment5\code\stb_image.h(4601): warning C4312: “类型强制转换”: 从“int”转换到更大的“unsigned char *”
c:\users\黄瓜\source\repos\assignment5 - 副本\assignment5\code\stb_image.h(4610): warning C4312: “类型强制转换”: 从“int”转换到更大的“unsigned char *”
c:\users\黄瓜\source\repos\assignment5 - 副本\assignment5\code\stb_image.h(4612): warning C4312: “类型强制转换”: 从“int”转换到更大的“unsigned char *”
c:\users\黄瓜\source\repos\assignment5 - 副本\assignment5\code\stb_image.h(4621): warning C4312: “类型强制转换”: 从“int”转换到更大的“unsigned char *”
c:\users\黄瓜\source\repos\assignment5 - 副本\assignment5\code\stb_image.h(4658): warning C4312: “类型强制转换”: 从“int”转换到更大的“unsigned char *”
c:\users\黄瓜\source\repos\assignment5 - 副本\assignment5\code\stb_image.h(4662): warning C4312: “类型强制转换”: 从“int”转换到更大的“unsigned char *”
c:\users\黄瓜\source\repos\assignment5 - 副本\assignment5\code\stb_image.h(4690): warning C4312: “类型强制转换”: 从“int”转换到更大的“unsigned char *”
c:\users\黄瓜\source\repos\assignment5 - 副本\assignment5\code\stb_image.h(4693): warning C4312: “类型强制转换”: 从“int”转换到更大的“unsigned char *”
c:\users\黄瓜\source\repos\assignment5 - 副本\assignment5\code\stb_image.h(4704): warning C4312: “类型强制转换”: 从“int”转换到更大的“unsigned char *”
c:\users\黄瓜\source\repos\assignment5 - 副本\assignment5\code\stb_image.h(4744): warning C4312: “类型强制转换”: 从“int”转换到更大的“unsigned char *”
c:\users\黄瓜\source\repos\assignment5 - 副本\assignment5\code\stb_image.h(4923): warning C4312: “类型强制转换”: 从“int”转换到更大的“unsigned char *”
c:\users\黄瓜\source\repos\assignment5 - 副本\assignment5\code\stb_image.h(4945): warning C4312: “类型强制转换”: 从“int”转换到更大的“unsigned char *”
c:\users\黄瓜\source\repos\assignment5 - 副本\assignment5\code\stb_image.h(4950): warning C4312: “类型强制转换”: 从“int”转换到更大的“unsigned char *”
c:\users\黄瓜\source\repos\assignment5 - 副本\assignment5\code\stb_image.h(5085): warning C4312: “类型强制转换”: 从“int”转换到更大的“unsigned char *”
c:\users\黄瓜\source\repos\assignment5 - 副本\assignment5\code\stb_image.h(5089): warning C4312: “类型强制转换”: 从“int”转换到更大的“unsigned char *”
c:\users\黄瓜\source\repos\assignment5 - 副本\assignment5\code\stb_image.h(5097): warning C4312: “类型强制转换”: 从“int”转换到更大的“unsigned char *”
c:\users\黄瓜\source\repos\assignment5 - 副本\assignment5\code\stb_image.h(5105): warning C4312: “类型强制转换”: 从“int”转换到更大的“unsigned char *”
c:\users\黄瓜\source\repos\assignment5 - 副本\assignment5\code\stb_image.h(5118): warning C4312: “类型强制转换”: 从“int”转换到更大的“unsigned char *”
c:\users\黄瓜\source\repos\assignment5 - 副本\assignment5\code\stb_image.h(5135): warning C4312: “类型强制转换”: 从“int”转换到更大的“unsigned char *”
c:\users\黄瓜\source\repos\assignment5 - 副本\assignment5\code\stb_image.h(5139): warning C4312: “类型强制转换”: 从“int”转换到更大的“unsigned char *”
c:\users\黄瓜\source\repos\assignment5 - 副本\assignment5\code\stb_image.h(5286): warning C4312: “类型强制转换”: 从“int”转换到更大的“unsigned char *”
c:\users\黄瓜\source\repos\assignment5 - 副本\assignment5\code\stb_image.h(5314): warning C4312: “类型强制转换”: 从“int”转换到更大的“unsigned char *”
c:\users\黄瓜\source\repos\assignment5 - 副本\assignment5\code\stb_image.h(5325): warning C4312: “类型强制转换”: 从“int”转换到更大的“unsigned char *”
c:\users\黄瓜\source\repos\assignment5 - 副本\assignment5\code\stb_image.h(5326): warning C4312: “类型强制转换”: 从“int”转换到更大的“unsigned char *”
c:\users\黄瓜\source\repos\assignment5 - 副本\assignment5\code\stb_image.h(5340): warning C4312: “类型强制转换”: 从“int”转换到更大的“unsigned char *”
c:\users\黄瓜\source\repos\assignment5 - 副本\assignment5\code\stb_image.h(5359): warning C4312: “类型强制转换”: 从“int”转换到更大的“unsigned char *”
c:\users\黄瓜\source\repos\assignment5 - 副本\assignment5\code\stb_image.h(5377): warning C4312: “类型强制转换”: 从“int”转换到更大的“unsigned char *”
c:\users\黄瓜\source\repos\assignment5 - 副本\assignment5\code\stb_image.h(5388): warning C4312: “类型强制转换”: 从“int”转换到更大的“unsigned char *”
c:\users\黄瓜\source\repos\assignment5 - 副本\assignment5\code\stb_image.h(5398): warning C4312: “类型强制转换”: 从“int”转换到更大的“unsigned char *”
c:\users\黄瓜\source\repos\assignment5 - 副本\assignment5\code\stb_image.h(5425): warning C4312: “类型强制转换”: 从“int”转换到更大的“unsigned char *”
c:\users\黄瓜\source\repos\assignment5 - 副本\assignment5\code\stb_image.h(5426): warning C4312: “类型强制转换”: 从“int”转换到更大的“unsigned char *”
c:\users\黄瓜\source\repos\assignment5 - 副本\assignment5\code\stb_image.h(5643): warning C4312: “类型强制转换”: 从“int”转换到更大的“unsigned char *”
c:\users\黄瓜\source\repos\assignment5 - 副本\assignment5\code\stb_image.h(5647): warning C4312: “类型强制转换”: 从“int”转换到更大的“unsigned char *”
c:\users\黄瓜\source\repos\assignment5 - 副本\assignment5\code\stb_image.h(5653): warning C4312: “类型强制转换”: 从“int”转换到更大的“unsigned char *”
c:\users\黄瓜\source\repos\assignment5 - 副本\assignment5\code\stb_image.h(5665): warning C4312: “类型强制转换”: 从“int”转换到更大的“unsigned char *”
c:\users\黄瓜\source\repos\assignment5 - 副本\assignment5\code\stb_image.h(5694): warning C4312: “类型强制转换”: 从“int”转换到更大的“unsigned char *”
c:\users\黄瓜\source\repos\assignment5 - 副本\assignment5\code\stb_image.h(5702): warning C4312: “类型强制转换”: 从“int”转换到更大的“unsigned char *”
c:\users\黄瓜\source\repos\assignment5 - 副本\assignment5\code\stb_image.h(5719): warning C4312: “类型强制转换”: 从“int”转换到更大的“unsigned char *”
c:\users\黄瓜\source\repos\assignment5 - 副本\assignment5\code\stb_image.h(5752): warning C4312: “类型强制转换”: 从“int”转换到更大的“unsigned char *”
c:\users\黄瓜\source\repos\assignment5 - 副本\assignment5\code\stb_image.h(5786): warning C4312: “类型强制转换”: 从“int”转换到更大的“unsigned char *”
c:\users\黄瓜\source\repos\assignment5 - 副本\assignment5\code\stb_image.h(5900): warning C4312: “类型强制转换”: 从“int”转换到更大的“float *”
c:\users\黄瓜\source\repos\assignment5 - 副本\assignment5\code\stb_image.h(5909): warning C4312: “类型强制转换”: 从“int”转换到更大的“float *”
c:\users\黄瓜\source\repos\assignment5 - 副本\assignment5\code\stb_image.h(5914): warning C4312: “类型强制转换”: 从“int”转换到更大的“float *”
c:\users\黄瓜\source\repos\assignment5 - 副本\assignment5\code\stb_image.h(5918): warning C4312: “类型强制转换”: 从“int”转换到更大的“float *”
c:\users\黄瓜\source\repos\assignment5 - 副本\assignment5\code\stb_image.h(5968): warning C4312: “类型强制转换”: 从“int”转换到更大的“float *”
c:\users\黄瓜\source\repos\assignment5 - 副本\assignment5\code\stb_image.h(6185): warning C4312: “类型强制转换”: 从“int”转换到更大的“unsigned char *”
c:\users\黄瓜\source\repos\assignment5 - 副本\assignment5\pathtracer.cpp(30): warning C4305: “参数”: 从“double”到“float”截断
c:\users\黄瓜\source\repos\assignment5 - 副本\assignment5\pathtracer.cpp(45): warning C4305: “参数”: 从“double”到“float”截断
c:\users\黄瓜\source\repos\assignment5 - 副本\assignment5\pathtracer.cpp(64): warning C4305: “参数”: 从“double”到“float”截断
c:\users\黄瓜\source\repos\assignment5 - 副本\assignment5\pathtracer.cpp(76): warning C4244: “初始化”: 从“double”转换到“float”，可能丢失数据
c:\users\黄瓜\source\repos\assignment5 - 副本\assignment5\pathtracer.cpp(77): warning C4244: “参数”: 从“double”转换到“float”，可能丢失数据
c:\users\黄瓜\source\repos\assignment5 - 副本\assignment5\pathtracer.cpp(77): warning C4305: “参数”: 从“double”到“float”截断
c:\users\黄瓜\source\repos\assignment5 - 副本\assignment5\pathtracer.cpp(78): warning C4305: “参数”: 从“double”到“float”截断
c:\users\黄瓜\source\repos\assignment5 - 副本\assignment5\pathtracer.cpp(80): warning C4244: “参数”: 从“double”转换到“float”，可能丢失数据
c:\users\黄瓜\source\repos\assignment5 - 副本\assignment5\pathtracer.cpp(80): warning C4305: “参数”: 从“double”到“float”截断
c:\users\黄瓜\source\repos\assignment5 - 副本\assignment5\pathtracer.cpp(83): warning C4244: “参数”: 从“double”转换到“float”，可能丢失数据
c:\users\黄瓜\source\repos\assignment5 - 副本\assignment5\pathtracer.cpp(83): warning C4305: “参数”: 从“double”到“float”截断
c:\users\黄瓜\source\repos\assignment5 - 副本\assignment5\pathtracer.cpp(86): warning C4305: “参数”: 从“double”到“float”截断
c:\users\黄瓜\source\repos\assignment5 - 副本\assignment5\pathtracer.cpp(93): warning C4305: “参数”: 从“double”到“float”截断
c:\users\黄瓜\source\repos\assignment5 - 副本\assignment5\pathtracer.cpp(94): warning C4305: “参数”: 从“double”到“float”截断
c:\users\黄瓜\source\repos\assignment5 - 副本\assignment5\pathtracer.cpp(104): warning C4305: “参数”: 从“double”到“const float”截断
c:\users\黄瓜\source\repos\assignment5 - 副本\assignment5\pathtracer.cpp(219): warning C4267: “参数”: 从“size_t”转换到“unsigned int”，可能丢失数据
c:\users\黄瓜\source\repos\assignment5 - 副本\assignment5\pathtracer.cpp(235): warning C4018: “>=”: 有符号/无符号不匹配
  正在生成代码
  All 729 functions were compiled because no usable IPDB/IOBJ from previous compilation was found.
  已完成代码的生成
  Assignment5.vcxproj -> C:\Users\黄瓜\source\repos\Assignment5 - 副本\x64\Release\PathTracer.exe
